# JRE version: Java(TM) SE Runtime Environment (18.0.2.1+1) (build 18.0.2.1+1-1)
# Java VM: Java HotSpot(TM) 64-Bit Server VM (18.0.2.1+1-1, mixed mode, sharing, tiered, compressed oops, compressed class ptrs, parallel gc, windows-amd64)
GC Precious Log:
 CardTable entry size: 512
 CPUs: 16 total, 16 available
 Memory: 32696M
 Large Page Support: Disabled
 NUMA Support: Disabled
 Compressed Oops: Enabled (32-bit)
 Alignments: Space 512K, Generation 512K, Heap 2M
 Heap Min Capacity: 100M
 Heap Initial Capacity: 100M
 Heap Max Capacity: 1G
 Pre-touch: Disabled
 Parallel Workers: 13
Heap:
 PSYoungGen      total 22528K, used 1927K [0x00000000eab00000, 0x00000000ec500000, 0x0000000100000000)
  eden space 22016K, 6% used [0x00000000eab00000,0x00000000eac622e0,0x00000000ec080000)
  from space 512K, 99% used [0x00000000ec480000,0x00000000ec4ff970,0x00000000ec500000)
  to   space 1024K, 0% used [0x00000000ec300000,0x00000000ec300000,0x00000000ec400000)
 ParOldGen       total 68608K, used 28944K [0x00000000c0000000, 0x00000000c4300000, 0x00000000eab00000)
  object space 68608K, 42% used [0x00000000c0000000,0x00000000c1c440f0,0x00000000c4300000)
 Metaspace       used 36926K, committed 37760K, reserved 1114112K
  class space    used 3553K, committed 3968K, reserved 1048576K
GC Heap History (20 events):
Event: 13.930 GC heap before
{Heap before GC invocations=10 (full 1):
 PSYoungGen      total 26624K, used 26598K [0x00000000eab00000, 0x00000000eca80000, 0x0000000100000000)
  eden space 23552K, 100% used [0x00000000eab00000,0x00000000ec200000,0x00000000ec200000)
  from space 3072K, 99% used [0x00000000ec600000,0x00000000ec8f9ab0,0x00000000ec900000)
  to   space 4096K, 0% used [0x00000000ec200000,0x00000000ec200000,0x00000000ec600000)
 ParOldGen       total 68608K, used 8917K [0x00000000c0000000, 0x00000000c4300000, 0x00000000eab00000)
  object space 68608K, 12% used [0x00000000c0000000,0x00000000c08b5608,0x00000000c4300000)
 Metaspace       used 28246K, committed 29056K, reserved 1114112K
  class space    used 2719K, committed 3136K, reserved 1048576K
}
Event: 13.934 GC heap after
{Heap after GC invocations=10 (full 1):
 PSYoungGen      total 27136K, used 4086K [0x00000000eab00000, 0x00000000ecd80000, 0x0000000100000000)
  eden space 23040K, 0% used [0x00000000eab00000,0x00000000eab00000,0x00000000ec180000)
  from space 4096K, 99% used [0x00000000ec200000,0x00000000ec5fdaa0,0x00000000ec600000)
  to   space 6144K, 0% used [0x00000000ec780000,0x00000000ec780000,0x00000000ecd80000)
 ParOldGen       total 68608K, used 10173K [0x00000000c0000000, 0x00000000c4300000, 0x00000000eab00000)
  object space 68608K, 14% used [0x00000000c0000000,0x00000000c09ef608,0x00000000c4300000)
 Metaspace       used 28246K, committed 29056K, reserved 1114112K
  class space    used 2719K, committed 3136K, reserved 1048576K
}
Event: 14.106 GC heap before
{Heap before GC invocations=11 (full 1):
 PSYoungGen      total 27136K, used 27126K [0x00000000eab00000, 0x00000000ecd80000, 0x0000000100000000)
  eden space 23040K, 100% used [0x00000000eab00000,0x00000000ec180000,0x00000000ec180000)
  from space 4096K, 99% used [0x00000000ec200000,0x00000000ec5fdaa0,0x00000000ec600000)
  to   space 6144K, 0% used [0x00000000ec780000,0x00000000ec780000,0x00000000ecd80000)
 ParOldGen       total 68608K, used 10173K [0x00000000c0000000, 0x00000000c4300000, 0x00000000eab00000)
  object space 68608K, 14% used [0x00000000c0000000,0x00000000c09ef608,0x00000000c4300000)
 Metaspace       used 28321K, committed 29120K, reserved 1114112K
  class space    used 2731K, committed 3136K, reserved 1048576K
}
Event: 14.110 GC heap after
{Heap after GC invocations=11 (full 1):
 PSYoungGen      total 27136K, used 4352K [0x00000000eab00000, 0x00000000ecc00000, 0x0000000100000000)
  eden space 22528K, 0% used [0x00000000eab00000,0x00000000eab00000,0x00000000ec100000)
  from space 4608K, 94% used [0x00000000ec780000,0x00000000ecbc0020,0x00000000ecc00000)
  to   space 5120K, 0% used [0x00000000ec200000,0x00000000ec200000,0x00000000ec700000)
 ParOldGen       total 68608K, used 12752K [0x00000000c0000000, 0x00000000c4300000, 0x00000000eab00000)
  object space 68608K, 18% used [0x00000000c0000000,0x00000000c0c743c0,0x00000000c4300000)
 Metaspace       used 28321K, committed 29120K, reserved 1114112K
  class space    used 2731K, committed 3136K, reserved 1048576K
}
Event: 14.216 GC heap before
{Heap before GC invocations=12 (full 1):
 PSYoungGen      total 27136K, used 26880K [0x00000000eab00000, 0x00000000ecc00000, 0x0000000100000000)
  eden space 22528K, 100% used [0x00000000eab00000,0x00000000ec100000,0x00000000ec100000)
  from space 4608K, 94% used [0x00000000ec780000,0x00000000ecbc0020,0x00000000ecc00000)
  to   space 5120K, 0% used [0x00000000ec200000,0x00000000ec200000,0x00000000ec700000)
 ParOldGen       total 68608K, used 12752K [0x00000000c0000000, 0x00000000c4300000, 0x00000000eab00000)
  object space 68608K, 18% used [0x00000000c0000000,0x00000000c0c743c0,0x00000000c4300000)
 Metaspace       used 28321K, committed 29120K, reserved 1114112K
  class space    used 2731K, committed 3136K, reserved 1048576K
}
Event: 14.221 GC heap after
{Heap after GC invocations=12 (full 1):
 PSYoungGen      total 25088K, used 2624K [0x00000000eab00000, 0x00000000ec800000, 0x0000000100000000)
  eden space 22016K, 0% used [0x00000000eab00000,0x00000000eab00000,0x00000000ec080000)
  from space 3072K, 85% used [0x00000000ec200000,0x00000000ec490000,0x00000000ec500000)
  to   space 3072K, 0% used [0x00000000ec500000,0x00000000ec500000,0x00000000ec800000)
 ParOldGen       total 68608K, used 16999K [0x00000000c0000000, 0x00000000c4300000, 0x00000000eab00000)
  object space 68608K, 24% used [0x00000000c0000000,0x00000000c1099fd0,0x00000000c4300000)
 Metaspace       used 28321K, committed 29120K, reserved 1114112K
  class space    used 2731K, committed 3136K, reserved 1048576K
}
Event: 14.320 GC heap before
{Heap before GC invocations=13 (full 1):
 PSYoungGen      total 25088K, used 24640K [0x00000000eab00000, 0x00000000ec800000, 0x0000000100000000)
  eden space 22016K, 100% used [0x00000000eab00000,0x00000000ec080000,0x00000000ec080000)
  from space 3072K, 85% used [0x00000000ec200000,0x00000000ec490000,0x00000000ec500000)
  to   space 3072K, 0% used [0x00000000ec500000,0x00000000ec500000,0x00000000ec800000)
 ParOldGen       total 68608K, used 16999K [0x00000000c0000000, 0x00000000c4300000, 0x00000000eab00000)
  object space 68608K, 24% used [0x00000000c0000000,0x00000000c1099fd0,0x00000000c4300000)
 Metaspace       used 28321K, committed 29120K, reserved 1114112K
  class space    used 2731K, committed 3136K, reserved 1048576K
}
Event: 14.323 GC heap after
{Heap after GC invocations=13 (full 1):
 PSYoungGen      total 25088K, used 2624K [0x00000000eab00000, 0x00000000ec800000, 0x0000000100000000)
  eden space 22016K, 0% used [0x00000000eab00000,0x00000000eab00000,0x00000000ec080000)
  from space 3072K, 85% used [0x00000000ec500000,0x00000000ec790010,0x00000000ec800000)
  to   space 3072K, 0% used [0x00000000ec200000,0x00000000ec200000,0x00000000ec500000)
 ParOldGen       total 68608K, used 19463K [0x00000000c0000000, 0x00000000c4300000, 0x00000000eab00000)
  object space 68608K, 28% used [0x00000000c0000000,0x00000000c1301fd0,0x00000000c4300000)
 Metaspace       used 28321K, committed 29120K, reserved 1114112K
  class space    used 2731K, committed 3136K, reserved 1048576K
}
Event: 14.631 GC heap before
{Heap before GC invocations=14 (full 1):
 PSYoungGen      total 25088K, used 24628K [0x00000000eab00000, 0x00000000ec800000, 0x0000000100000000)
  eden space 22016K, 99% used [0x00000000eab00000,0x00000000ec07d1e8,0x00000000ec080000)
  from space 3072K, 85% used [0x00000000ec500000,0x00000000ec790010,0x00000000ec800000)
  to   space 3072K, 0% used [0x00000000ec200000,0x00000000ec200000,0x00000000ec500000)
 ParOldGen       total 68608K, used 19463K [0x00000000c0000000, 0x00000000c4300000, 0x00000000eab00000)
  object space 68608K, 28% used [0x00000000c0000000,0x00000000c1301fd0,0x00000000c4300000)
 Metaspace       used 29757K, committed 30528K, reserved 1114112K
  class space    used 2884K, committed 3264K, reserved 1048576K
}
Event: 14.634 GC heap after
{Heap after GC invocations=14 (full 1):
 PSYoungGen      total 25088K, used 2634K [0x00000000eab00000, 0x00000000ec680000, 0x0000000100000000)
  eden space 22016K, 0% used [0x00000000eab00000,0x00000000eab00000,0x00000000ec080000)
  from space 3072K, 85% used [0x00000000ec200000,0x00000000ec4928c0,0x00000000ec500000)
  to   space 1536K, 0% used [0x00000000ec500000,0x00000000ec500000,0x00000000ec680000)
 ParOldGen       total 68608K, used 21991K [0x00000000c0000000, 0x00000000c4300000, 0x00000000eab00000)
  object space 68608K, 32% used [0x00000000c0000000,0x00000000c1579fe0,0x00000000c4300000)
 Metaspace       used 29757K, committed 30528K, reserved 1114112K
  class space    used 2884K, committed 3264K, reserved 1048576K
}
Event: 15.275 GC heap before
{Heap before GC invocations=15 (full 1):
 PSYoungGen      total 25088K, used 24650K [0x00000000eab00000, 0x00000000ec680000, 0x0000000100000000)
  eden space 22016K, 100% used [0x00000000eab00000,0x00000000ec080000,0x00000000ec080000)
  from space 3072K, 85% used [0x00000000ec200000,0x00000000ec4928c0,0x00000000ec500000)
  to   space 1536K, 0% used [0x00000000ec500000,0x00000000ec500000,0x00000000ec680000)
 ParOldGen       total 68608K, used 21991K [0x00000000c0000000, 0x00000000c4300000, 0x00000000eab00000)
  object space 68608K, 32% used [0x00000000c0000000,0x00000000c1579fe0,0x00000000c4300000)
 Metaspace       used 31690K, committed 32576K, reserved 1114112K
  class space    used 3104K, committed 3520K, reserved 1048576K
}
Event: 15.278 GC heap after
{Heap after GC invocations=15 (full 1):
 PSYoungGen      total 23040K, used 758K [0x00000000eab00000, 0x00000000ec600000, 0x0000000100000000)
  eden space 22016K, 0% used [0x00000000eab00000,0x00000000eab00000,0x00000000ec080000)
  from space 1024K, 74% used [0x00000000ec500000,0x00000000ec5bda20,0x00000000ec600000)
  to   space 1536K, 0% used [0x00000000ec300000,0x00000000ec300000,0x00000000ec480000)
 ParOldGen       total 68608K, used 24435K [0x00000000c0000000, 0x00000000c4300000, 0x00000000eab00000)
  object space 68608K, 35% used [0x00000000c0000000,0x00000000c17dce90,0x00000000c4300000)
 Metaspace       used 31690K, committed 32576K, reserved 1114112K
  class space    used 3104K, committed 3520K, reserved 1048576K
}
Event: 16.162 GC heap before
{Heap before GC invocations=16 (full 1):
 PSYoungGen      total 23040K, used 22774K [0x00000000eab00000, 0x00000000ec600000, 0x0000000100000000)
  eden space 22016K, 100% used [0x00000000eab00000,0x00000000ec080000,0x00000000ec080000)
  from space 1024K, 74% used [0x00000000ec500000,0x00000000ec5bda20,0x00000000ec600000)
  to   space 1536K, 0% used [0x00000000ec300000,0x00000000ec300000,0x00000000ec480000)
 ParOldGen       total 68608K, used 24435K [0x00000000c0000000, 0x00000000c4300000, 0x00000000eab00000)
  object space 68608K, 35% used [0x00000000c0000000,0x00000000c17dce90,0x00000000c4300000)
 Metaspace       used 34723K, committed 35520K, reserved 1114112K
  class space    used 3354K, committed 3712K, reserved 1048576K
}
Event: 16.165 GC heap after
{Heap after GC invocations=16 (full 1):
 PSYoungGen      total 23552K, used 1360K [0x00000000eab00000, 0x00000000ec580000, 0x0000000100000000)
  eden space 22016K, 0% used [0x00000000eab00000,0x00000000eab00000,0x00000000ec080000)
  from space 1536K, 88% used [0x00000000ec300000,0x00000000ec454020,0x00000000ec480000)
  to   space 1024K, 0% used [0x00000000ec480000,0x00000000ec480000,0x00000000ec580000)
 ParOldGen       total 68608K, used 24974K [0x00000000c0000000, 0x00000000c4300000, 0x00000000eab00000)
  object space 68608K, 36% used [0x00000000c0000000,0x00000000c18639e0,0x00000000c4300000)
 Metaspace       used 34723K, committed 35520K, reserved 1114112K
  class space    used 3354K, committed 3712K, reserved 1048576K
}
Event: 16.215 GC heap before
{Heap before GC invocations=17 (full 1):
 PSYoungGen      total 23552K, used 3119K [0x00000000eab00000, 0x00000000ec580000, 0x0000000100000000)
  eden space 22016K, 7% used [0x00000000eab00000,0x00000000eacb7d30,0x00000000ec080000)
  from space 1536K, 88% used [0x00000000ec300000,0x00000000ec454020,0x00000000ec480000)
  to   space 1024K, 0% used [0x00000000ec480000,0x00000000ec480000,0x00000000ec580000)
 ParOldGen       total 68608K, used 24974K [0x00000000c0000000, 0x00000000c4300000, 0x00000000eab00000)
  object space 68608K, 36% used [0x00000000c0000000,0x00000000c18639e0,0x00000000c4300000)
 Metaspace       used 35056K, committed 35840K, reserved 1114112K
  class space    used 3394K, committed 3776K, reserved 1048576K
}
Event: 16.217 GC heap after
{Heap after GC invocations=17 (full 1):
 PSYoungGen      total 22528K, used 416K [0x00000000eab00000, 0x00000000ec500000, 0x0000000100000000)
  eden space 22016K, 0% used [0x00000000eab00000,0x00000000eab00000,0x00000000ec080000)
  from space 512K, 81% used [0x00000000ec480000,0x00000000ec4e8000,0x00000000ec500000)
  to   space 1024K, 0% used [0x00000000ec300000,0x00000000ec300000,0x00000000ec400000)
 ParOldGen       total 68608K, used 26105K [0x00000000c0000000, 0x00000000c4300000, 0x00000000eab00000)
  object space 68608K, 38% used [0x00000000c0000000,0x00000000c197e638,0x00000000c4300000)
 Metaspace       used 35056K, committed 35840K, reserved 1114112K
  class space    used 3394K, committed 3776K, reserved 1048576K
}
Event: 16.217 GC heap before
{Heap before GC invocations=18 (full 2):
 PSYoungGen      total 22528K, used 416K [0x00000000eab00000, 0x00000000ec500000, 0x0000000100000000)
  eden space 22016K, 0% used [0x00000000eab00000,0x00000000eab00000,0x00000000ec080000)
  from space 512K, 81% used [0x00000000ec480000,0x00000000ec4e8000,0x00000000ec500000)
  to   space 1024K, 0% used [0x00000000ec300000,0x00000000ec300000,0x00000000ec400000)
 ParOldGen       total 68608K, used 26105K [0x00000000c0000000, 0x00000000c4300000, 0x00000000eab00000)
  object space 68608K, 38% used [0x00000000c0000000,0x00000000c197e638,0x00000000c4300000)
 Metaspace       used 35056K, committed 35840K, reserved 1114112K
  class space    used 3394K, committed 3776K, reserved 1048576K
}
Event: 16.257 GC heap after
{Heap after GC invocations=18 (full 2):
 PSYoungGen      total 22528K, used 0K [0x00000000eab00000, 0x00000000ec500000, 0x0000000100000000)
  eden space 22016K, 0% used [0x00000000eab00000,0x00000000eab00000,0x00000000ec080000)
  from space 512K, 0% used [0x00000000ec480000,0x00000000ec480000,0x00000000ec500000)
  to   space 1024K, 0% used [0x00000000ec300000,0x00000000ec300000,0x00000000ec400000)
 ParOldGen       total 68608K, used 25110K [0x00000000c0000000, 0x00000000c4300000, 0x00000000eab00000)
  object space 68608K, 36% used [0x00000000c0000000,0x00000000c1885bc8,0x00000000c4300000)
 Metaspace       used 35056K, committed 35840K, reserved 1114112K
  class space    used 3394K, committed 3776K, reserved 1048576K
}
Event: 16.707 GC heap before
{Heap before GC invocations=19 (full 2):
 PSYoungGen      total 22528K, used 22016K [0x00000000eab00000, 0x00000000ec500000, 0x0000000100000000)
  eden space 22016K, 100% used [0x00000000eab00000,0x00000000ec080000,0x00000000ec080000)
  from space 512K, 0% used [0x00000000ec480000,0x00000000ec480000,0x00000000ec500000)
  to   space 1024K, 0% used [0x00000000ec300000,0x00000000ec300000,0x00000000ec400000)
 ParOldGen       total 68608K, used 25110K [0x00000000c0000000, 0x00000000c4300000, 0x00000000eab00000)
  object space 68608K, 36% used [0x00000000c0000000,0x00000000c1885bc8,0x00000000c4300000)
 Metaspace       used 36783K, committed 37632K, reserved 1114112K
  class space    used 3553K, committed 3968K, reserved 1048576K
}
Event: 16.710 GC heap after
{Heap after GC invocations=19 (full 2):
 PSYoungGen      total 23040K, used 992K [0x00000000eab00000, 0x00000000ec500000, 0x0000000100000000)
  eden space 22016K, 0% used [0x00000000eab00000,0x00000000eab00000,0x00000000ec080000)
  from space 1024K, 96% used [0x00000000ec300000,0x00000000ec3f80a8,0x00000000ec400000)
  to   space 512K, 0% used [0x00000000ec480000,0x00000000ec480000,0x00000000ec500000)
 ParOldGen       total 68608K, used 26444K [0x00000000c0000000, 0x00000000c4300000, 0x00000000eab00000)
  object space 68608K, 38% used [0x00000000c0000000,0x00000000c19d3170,0x00000000c4300000)
 Metaspace       used 36783K, committed 37632K, reserved 1114112K
  class space    used 3553K, committed 3968K, reserved 1048576K
}

